[2026-01-25 16:57:16] info: 	z2m: Logging to console, file (filename: log.log)
[2026-01-25 16:57:17] info: 	z2m: Starting Zigbee2MQTT version 2.7.2 (commit #unknown)
[2026-01-25 16:57:17] info: 	z2m: Starting zigbee-herdsman (8.0.1)
[2026-01-25 16:57:17] warning: 	zh:ezsp: 'ezsp' driver is deprecated and will only remain to provide support for older firmware (pre 7.4.x). Migration to 'ember' is recommended. If using Zigbee2MQTT see https://github.com/Koenkk/zigbee2mqtt/discussions/21462
[2026-01-25 16:57:21] info: 	z2m: zigbee-herdsman started (resumed)
[2026-01-25 16:57:21] info: 	z2m: Coordinator firmware version: '{"meta":{"maintrel":"3 ","majorrel":"6","minorrel":"10","product":8,"revision":"6.10.3.0 build 297"},"type":"EZSP v8"}'
[2026-01-25 16:57:21] info: 	z2m: Detecteur Presence (0x00124b002a6cec3b): SNZB-03 - SONOFF Motion sensor (EndDevice)
[2026-01-25 16:57:21] info: 	z2m: Currently 1 devices are joined.
[2026-01-25 16:57:21] info: 	z2m: Connecting to MQTT server at mqtt://192.168.0.218:1883
[2026-01-25 16:57:21] info: 	z2m: Connected to MQTT server
[2026-01-25 16:57:21] info: 	z2m:mqtt: MQTT publish: topic 'zigbee2mqttHA/bridge/state', payload '{"state":"online"}'
[2026-01-25 16:57:21] info: 	z2m: Started frontend on port 8099
[2026-01-25 16:57:21] info: 	z2m:mqtt: MQTT publish: topic 'zigbee2mqttHA/Detecteur Presence', payload '{"battery":99.5,"battery_low":false,"linkquality":164,"occupancy":true,"tamper":false,"voltage":2900}'
[2026-01-25 16:57:21] info: 	z2m: Zigbee2MQTT started!
[2026-01-25 16:57:26] info: 	z2m:mqtt: MQTT publish: topic 'homeassistant/binary_sensor/12210510398101101501091131161167265_0x84b4dbfffec7a53f/connection_state/config', payload '{"default_entity_id":"binary_sensor.zigbee2mqtt_bridge_connection_state","device":{"hw_version":"EZSP v8 6.10.3.0 build 297","identifiers":["zigbee2mqtt_bridge_0x84b4dbfffec7a53f"],"manufacturer":"Zigbee2MQTT","model":"Bridge","name":"Zigbee2MQTT Bridge","sw_version":"2.7.2"},"device_class":"connectivity","entity_category":"diagnostic","name":"Connection state","object_id":"zigbee2mqtt_bridge_connection_state","origin":{"name":"Zigbee2MQTT","sw":"2.7.2","url":"https://www.zigbee2mqtt.io"},"payload_off":"offline","payload_on":"online","state_topic":"zigbee2mqttHA/bridge/state","unique_id":"bridge_0x84b4dbfffec7a53f_connection_state_zigbee2mqttHA","value_template":"{{ value_json.state }}"}'
[2026-01-25 17:07:21] info: 	z2m:mqtt: MQTT publish: topic 'zigbee2mqttHA/bridge/health', payload '{"response_time":1769357241666,"os":{"load_average":[0.14,0.19,0.17],"memory_used_mb":1447.57,"memory_percent":18.2307},"process":{"uptime_sec":607,"memory_used_mb":98.84,"memory_percent":1.2448},"mqtt":{"connected":true,"queued":0,"published":13,"received":19},"devices":{}}'
[2026-01-25 17:17:21] info: 	z2m:mqtt: MQTT publish: topic 'zigbee2mqttHA/bridge/health', payload '{"response_time":1769357841667,"os":{"load_average":[0.02,0.12,0.13],"memory_used_mb":1458.09,"memory_percent":18.3631},"process":{"uptime_sec":1207,"memory_used_mb":99.21,"memory_percent":1.2495},"mqtt":{"connected":true,"queued":0,"published":15,"received":19},"devices":{}}'
[2026-01-25 17:27:21] info: 	z2m:mqtt: MQTT publish: topic 'zigbee2mqttHA/bridge/health', payload '{"response_time":1769358441668,"os":{"load_average":[0.14,0.16,0.13],"memory_used_mb":1468.25,"memory_percent":18.4911},"process":{"uptime_sec":1807,"memory_used_mb":99.5,"memory_percent":1.2531},"mqtt":{"connected":true,"queued":0,"published":17,"received":19},"devices":{}}'
[2026-01-25 17:37:22] info: 	z2m:mqtt: MQTT publish: topic 'zigbee2mqttHA/bridge/health', payload '{"response_time":1769359042235,"os":{"load_average":[0,0.07,0.09],"memory_used_mb":1469.15,"memory_percent":18.5025},"process":{"uptime_sec":2407,"memory_used_mb":99.31,"memory_percent":1.2507},"mqtt":{"connected":true,"queued":0,"published":19,"received":19},"devices":{}}'
[2026-01-25 17:47:22] info: 	z2m:mqtt: MQTT publish: topic 'zigbee2mqttHA/bridge/health', payload '{"response_time":1769359642236,"os":{"load_average":[0.1,0.08,0.08],"memory_used_mb":1475.77,"memory_percent":18.5859},"process":{"uptime_sec":3007,"memory_used_mb":99.44,"memory_percent":1.2523},"mqtt":{"connected":true,"queued":0,"published":21,"received":19},"devices":{}}'
[2026-01-25 17:57:22] info: 	z2m:mqtt: MQTT publish: topic 'zigbee2mqttHA/bridge/health', payload '{"response_time":1769360242237,"os":{"load_average":[0.01,0.08,0.08],"memory_used_mb":1487.66,"memory_percent":18.7356},"process":{"uptime_sec":3607,"memory_used_mb":99.49,"memory_percent":1.253},"mqtt":{"connected":true,"queued":0,"published":23,"received":19},"devices":{}}'
[2026-01-25 18:07:22] info: 	z2m:mqtt: MQTT publish: topic 'zigbee2mqttHA/bridge/health', payload '{"response_time":1769360842238,"os":{"load_average":[0.1,0.12,0.08],"memory_used_mb":1482.74,"memory_percent":18.6736},"process":{"uptime_sec":4207,"memory_used_mb":99.48,"memory_percent":1.2528},"mqtt":{"connected":true,"queued":0,"published":25,"received":19},"devices":{}}'
[2026-01-25 18:17:22] info: 	z2m:mqtt: MQTT publish: topic 'zigbee2mqttHA/bridge/health', payload '{"response_time":1769361442239,"os":{"load_average":[0,0.07,0.08],"memory_used_mb":1485.3,"memory_percent":18.7059},"process":{"uptime_sec":4807,"memory_used_mb":99.56,"memory_percent":1.2539},"mqtt":{"connected":true,"queued":0,"published":27,"received":19},"devices":{}}'
[2026-01-25 18:27:22] info: 	z2m:mqtt: MQTT publish: topic 'zigbee2mqttHA/bridge/health', payload '{"response_time":1769362042240,"os":{"load_average":[0,0.04,0.06],"memory_used_mb":1487.04,"memory_percent":18.7277},"process":{"uptime_sec":5407,"memory_used_mb":99.65,"memory_percent":1.255},"mqtt":{"connected":true,"queued":0,"published":29,"received":19},"devices":{}}'
[2026-01-25 18:37:22] info: 	z2m:mqtt: MQTT publish: topic 'zigbee2mqttHA/bridge/health', payload '{"response_time":1769362642241,"os":{"load_average":[0.03,0.15,0.09],"memory_used_mb":1495.98,"memory_percent":18.8404},"process":{"uptime_sec":6007,"memory_used_mb":99.68,"memory_percent":1.2554},"mqtt":{"connected":true,"queued":0,"published":31,"received":19},"devices":{}}'
[2026-01-25 18:47:22] info: 	z2m:mqtt: MQTT publish: topic 'zigbee2mqttHA/bridge/health', payload '{"response_time":1769363242240,"os":{"load_average":[0,0.01,0.03],"memory_used_mb":1490.45,"memory_percent":18.7707},"process":{"uptime_sec":6607,"memory_used_mb":99.74,"memory_percent":1.2561},"mqtt":{"connected":true,"queued":0,"published":33,"received":19},"devices":{}}'
[2026-01-25 18:57:22] info: 	z2m:mqtt: MQTT publish: topic 'zigbee2mqttHA/bridge/health', payload '{"response_time":1769363842240,"os":{"load_average":[0.1,0.12,0.07],"memory_used_mb":1500.47,"memory_percent":18.8969},"process":{"uptime_sec":7207,"memory_used_mb":99.75,"memory_percent":1.2563},"mqtt":{"connected":true,"queued":0,"published":35,"received":19},"devices":{}}'
[2026-01-25 19:07:22] info: 	z2m:mqtt: MQTT publish: topic 'zigbee2mqttHA/bridge/health', payload '{"response_time":1769364442240,"os":{"load_average":[0.06,0.12,0.08],"memory_used_mb":1496.12,"memory_percent":18.8421},"process":{"uptime_sec":7807,"memory_used_mb":99.88,"memory_percent":1.2579},"mqtt":{"connected":true,"queued":0,"published":37,"received":19},"devices":{}}'
[2026-01-25 19:17:22] info: 	z2m:mqtt: MQTT publish: topic 'zigbee2mqttHA/bridge/health', payload '{"response_time":1769365042244,"os":{"load_average":[0.08,0.15,0.12],"memory_used_mb":1497.87,"memory_percent":18.8641},"process":{"uptime_sec":8407,"memory_used_mb":99.92,"memory_percent":1.2584},"mqtt":{"connected":true,"queued":0,"published":39,"received":19},"devices":{}}'
[2026-01-25 19:27:22] info: 	z2m:mqtt: MQTT publish: topic 'zigbee2mqttHA/bridge/health', payload '{"response_time":1769365642249,"os":{"load_average":[0.06,0.07,0.08],"memory_used_mb":1502.72,"memory_percent":18.9252},"process":{"uptime_sec":9007,"memory_used_mb":100.01,"memory_percent":1.2595},"mqtt":{"connected":true,"queued":0,"published":41,"received":19},"devices":{}}'
[2026-01-25 19:37:22] info: 	z2m:mqtt: MQTT publish: topic 'zigbee2mqttHA/bridge/health', payload '{"response_time":1769366242254,"os":{"load_average":[0.54,0.23,0.13],"memory_used_mb":1498.58,"memory_percent":18.8731},"process":{"uptime_sec":9607,"memory_used_mb":100.11,"memory_percent":1.2608},"mqtt":{"connected":true,"queued":0,"published":43,"received":19},"devices":{}}'
[2026-01-25 19:47:22] info: 	z2m:mqtt: MQTT publish: topic 'zigbee2mqttHA/bridge/health', payload '{"response_time":1769366842260,"os":{"load_average":[0.06,0.1,0.09],"memory_used_mb":1500.74,"memory_percent":18.9003},"process":{"uptime_sec":10207,"memory_used_mb":100.05,"memory_percent":1.26},"mqtt":{"connected":true,"queued":0,"published":45,"received":19},"devices":{}}'
[2026-01-25 19:57:22] info: 	z2m:mqtt: MQTT publish: topic 'zigbee2mqttHA/bridge/health', payload '{"response_time":1769367442263,"os":{"load_average":[0.19,0.13,0.09],"memory_used_mb":1509.6,"memory_percent":19.0119},"process":{"uptime_sec":10807,"memory_used_mb":100.05,"memory_percent":1.26},"mqtt":{"connected":true,"queued":0,"published":47,"received":19},"devices":{}}'
[2026-01-25 20:07:22] info: 	z2m:mqtt: MQTT publish: topic 'zigbee2mqttHA/bridge/health', payload '{"response_time":1769368042267,"os":{"load_average":[0,0.03,0.05],"memory_used_mb":1510.48,"memory_percent":19.023},"process":{"uptime_sec":11407,"memory_used_mb":100.05,"memory_percent":1.26},"mqtt":{"connected":true,"queued":0,"published":49,"received":19},"devices":{}}'
[2026-01-25 20:10:07] info: 	z2m:mqtt: MQTT publish: topic 'zigbee2mqttHA/Detecteur Presence', payload '{"battery":99.5,"battery_low":false,"linkquality":164,"occupancy":true,"tamper":false,"voltage":2900}'
[2026-01-25 20:12:39] error: 	z2m: MQTT error: connect ECONNREFUSED 192.168.0.218:1883
[2026-01-25 20:12:45] error: 	z2m: Not connected to MQTT server!
[2026-01-25 20:12:49] error: 	z2m: Not connected to MQTT server!
[2026-01-25 20:12:49] error: 	z2m: Cannot send message: topic: 'zigbee2mqttHA/bridge/state', payload: '{"state":"offline"}
[2026-01-25 20:12:49] info: 	z2m: Disconnecting from MQTT server
[2026-01-25 20:12:49] info: 	z2m: Stopping zigbee-herdsman...
[2026-01-25 20:12:49] info: 	zh:controller: Wrote coordinator backup to '/config/zigbee2mqtt/coordinator_backup.json'
[2026-01-25 20:12:49] info: 	z2m: Stopped zigbee-herdsman
[2026-01-25 20:12:49] info: 	z2m: Stopped Zigbee2MQTT
