[2026-02-11 21:07:05] info: 	z2m: Logging to console, file (filename: log.log)
[2026-02-11 21:07:05] info: 	z2m: Starting Zigbee2MQTT version 2.8.0 (commit #unknown)
[2026-02-11 21:07:05] info: 	z2m: Starting zigbee-herdsman (9.0.2)
[2026-02-11 21:07:05] warning: 	zh:ezsp: 'ezsp' driver is deprecated and will only remain to provide support for older firmware (pre 7.4.x). Migration to 'ember' is recommended. If using Zigbee2MQTT see https://github.com/Koenkk/zigbee2mqtt/discussions/21462
[2026-02-11 21:07:10] info: 	z2m: zigbee-herdsman started (resumed)
[2026-02-11 21:07:10] info: 	z2m: Coordinator firmware version: '{"meta":{"maintrel":"3 ","majorrel":"6","minorrel":"10","product":8,"revision":"6.10.3.0 build 297"},"type":"EZSP v8"}'
[2026-02-11 21:07:10] info: 	z2m: Detecteur Presence (0x00124b002a6cec3b): SNZB-03 - SONOFF Motion sensor (EndDevice)
[2026-02-11 21:07:10] info: 	z2m: Currently 1 devices are joined.
[2026-02-11 21:07:10] info: 	z2m: Connecting to MQTT server at mqtt://192.168.0.218:1883
[2026-02-11 21:07:10] info: 	z2m: Connected to MQTT server
[2026-02-11 21:07:10] info: 	z2m:mqtt: MQTT publish: topic 'zigbee2mqttHA/bridge/state', payload '{"state":"online"}'
[2026-02-11 21:07:10] info: 	z2m: Started frontend on port 8099
[2026-02-11 21:07:10] info: 	z2m:mqtt: MQTT publish: topic 'zigbee2mqttHA/Detecteur Presence', payload '{"battery":99.5,"battery_low":false,"linkquality":164,"occupancy":true,"tamper":false,"voltage":2900}'
[2026-02-11 21:07:10] info: 	z2m: Zigbee2MQTT started!
[2026-02-11 21:07:15] info: 	z2m:mqtt: MQTT publish: topic 'homeassistant/binary_sensor/12210510398101101501091131161167265_0x84b4dbfffec7a53f/connection_state/config', payload '{"default_entity_id":"binary_sensor.zigbee2mqtt_bridge_connection_state","device":{"hw_version":"EZSP v8 6.10.3.0 build 297","identifiers":["zigbee2mqtt_bridge_0x84b4dbfffec7a53f"],"manufacturer":"Zigbee2MQTT","model":"Bridge","name":"Zigbee2MQTT Bridge","sw_version":"2.8.0"},"device_class":"connectivity","entity_category":"diagnostic","name":"Connection state","object_id":"zigbee2mqtt_bridge_connection_state","origin":{"name":"Zigbee2MQTT","sw":"2.8.0","url":"https://www.zigbee2mqtt.io"},"payload_off":"offline","payload_on":"online","state_topic":"zigbee2mqttHA/bridge/state","unique_id":"bridge_0x84b4dbfffec7a53f_connection_state_zigbee2mqttHA","value_template":"{{ value_json.state }}"}'
[2026-02-11 21:17:10] info: 	z2m:mqtt: MQTT publish: topic 'zigbee2mqttHA/bridge/health', payload '{"response_time":1770841030273,"os":{"load_average":[0,0.49,0.86],"memory_used_mb":1744.75,"memory_percent":21.9733},"process":{"uptime_sec":605,"memory_used_mb":102.55,"memory_percent":1.2915},"mqtt":{"connected":true,"queued":0,"published":13,"received":19},"devices":{}}'
[2026-02-11 21:27:10] info: 	z2m:mqtt: MQTT publish: topic 'zigbee2mqttHA/bridge/health', payload '{"response_time":1770841630273,"os":{"load_average":[0,0.06,0.43],"memory_used_mb":1743.42,"memory_percent":21.9566},"process":{"uptime_sec":1205,"memory_used_mb":103.05,"memory_percent":1.2978},"mqtt":{"connected":true,"queued":0,"published":15,"received":19},"devices":{}}'
[2026-02-11 21:37:10] info: 	z2m:mqtt: MQTT publish: topic 'zigbee2mqttHA/bridge/health', payload '{"response_time":1770842230274,"os":{"load_average":[0.38,0.1,0.25],"memory_used_mb":1750.02,"memory_percent":22.0398},"process":{"uptime_sec":1805,"memory_used_mb":103.25,"memory_percent":1.3003},"mqtt":{"connected":true,"queued":0,"published":17,"received":19},"devices":{}}'
[2026-02-11 21:47:10] info: 	z2m:mqtt: MQTT publish: topic 'zigbee2mqttHA/bridge/health', payload '{"response_time":1770842830276,"os":{"load_average":[0,0.03,0.13],"memory_used_mb":1741.56,"memory_percent":21.9332},"process":{"uptime_sec":2405,"memory_used_mb":103.32,"memory_percent":1.3012},"mqtt":{"connected":true,"queued":0,"published":19,"received":19},"devices":{}}'
[2026-02-11 21:57:10] info: 	z2m:mqtt: MQTT publish: topic 'zigbee2mqttHA/bridge/health', payload '{"response_time":1770843430278,"os":{"load_average":[0,0,0.05],"memory_used_mb":1742.04,"memory_percent":21.9392},"process":{"uptime_sec":3005,"memory_used_mb":103.36,"memory_percent":1.3017},"mqtt":{"connected":true,"queued":0,"published":21,"received":19},"devices":{}}'
[2026-02-11 22:07:10] info: 	z2m:mqtt: MQTT publish: topic 'zigbee2mqttHA/bridge/health', payload '{"response_time":1770844030278,"os":{"load_average":[0.04,0.08,0.05],"memory_used_mb":1739.57,"memory_percent":21.9082},"process":{"uptime_sec":3605,"memory_used_mb":103.48,"memory_percent":1.3032},"mqtt":{"connected":true,"queued":0,"published":23,"received":19},"devices":{}}'
[2026-02-11 22:17:10] info: 	z2m:mqtt: MQTT publish: topic 'zigbee2mqttHA/bridge/health', payload '{"response_time":1770844630280,"os":{"load_average":[0,0.02,0.01],"memory_used_mb":1744.75,"memory_percent":21.9734},"process":{"uptime_sec":4205,"memory_used_mb":103.46,"memory_percent":1.303},"mqtt":{"connected":true,"queued":0,"published":25,"received":19},"devices":{}}'
[2026-02-11 22:27:10] info: 	z2m:mqtt: MQTT publish: topic 'zigbee2mqttHA/bridge/health', payload '{"response_time":1770845230281,"os":{"load_average":[0,0,0],"memory_used_mb":1743.61,"memory_percent":21.9589},"process":{"uptime_sec":4805,"memory_used_mb":103.46,"memory_percent":1.303},"mqtt":{"connected":true,"queued":0,"published":27,"received":19},"devices":{}}'
[2026-02-11 22:37:10] info: 	z2m:mqtt: MQTT publish: topic 'zigbee2mqttHA/bridge/health', payload '{"response_time":1770845830282,"os":{"load_average":[0,0,0],"memory_used_mb":1745.34,"memory_percent":21.9807},"process":{"uptime_sec":5405,"memory_used_mb":103.55,"memory_percent":1.3042},"mqtt":{"connected":true,"queued":0,"published":29,"received":19},"devices":{}}'
[2026-02-11 22:47:10] info: 	z2m:mqtt: MQTT publish: topic 'zigbee2mqttHA/bridge/health', payload '{"response_time":1770846430283,"os":{"load_average":[0,0,0],"memory_used_mb":1743.33,"memory_percent":21.9555},"process":{"uptime_sec":6005,"memory_used_mb":103.62,"memory_percent":1.305},"mqtt":{"connected":true,"queued":0,"published":31,"received":19},"devices":{}}'
[2026-02-11 22:57:10] info: 	z2m:mqtt: MQTT publish: topic 'zigbee2mqttHA/bridge/health', payload '{"response_time":1770847030283,"os":{"load_average":[0.01,0.03,0],"memory_used_mb":1745.47,"memory_percent":21.9824},"process":{"uptime_sec":6605,"memory_used_mb":103.68,"memory_percent":1.3058},"mqtt":{"connected":true,"queued":0,"published":33,"received":19},"devices":{}}'
[2026-02-11 23:07:10] info: 	z2m:mqtt: MQTT publish: topic 'zigbee2mqttHA/bridge/health', payload '{"response_time":1770847630283,"os":{"load_average":[0,0,0],"memory_used_mb":1744.57,"memory_percent":21.971},"process":{"uptime_sec":7205,"memory_used_mb":103.63,"memory_percent":1.3051},"mqtt":{"connected":true,"queued":0,"published":35,"received":19},"devices":{}}'
[2026-02-11 23:17:10] info: 	z2m:mqtt: MQTT publish: topic 'zigbee2mqttHA/bridge/health', payload '{"response_time":1770848230283,"os":{"load_average":[0.01,0.02,0],"memory_used_mb":1745.07,"memory_percent":21.9774},"process":{"uptime_sec":7805,"memory_used_mb":103.88,"memory_percent":1.3082},"mqtt":{"connected":true,"queued":0,"published":37,"received":19},"devices":{}}'
[2026-02-11 23:27:10] info: 	z2m:mqtt: MQTT publish: topic 'zigbee2mqttHA/bridge/health', payload '{"response_time":1770848830283,"os":{"load_average":[0,0.02,0],"memory_used_mb":1748.34,"memory_percent":22.0185},"process":{"uptime_sec":8405,"memory_used_mb":103.73,"memory_percent":1.3064},"mqtt":{"connected":true,"queued":0,"published":39,"received":19},"devices":{}}'
[2026-02-11 23:37:10] info: 	z2m:mqtt: MQTT publish: topic 'zigbee2mqttHA/bridge/health', payload '{"response_time":1770849430284,"os":{"load_average":[0,0,0],"memory_used_mb":1743.73,"memory_percent":21.9605},"process":{"uptime_sec":9005,"memory_used_mb":103.9,"memory_percent":1.3085},"mqtt":{"connected":true,"queued":0,"published":41,"received":19},"devices":{}}'
[2026-02-11 23:47:10] info: 	z2m:mqtt: MQTT publish: topic 'zigbee2mqttHA/bridge/health', payload '{"response_time":1770850030289,"os":{"load_average":[0,0,0],"memory_used_mb":1747.38,"memory_percent":22.0065},"process":{"uptime_sec":9605,"memory_used_mb":104,"memory_percent":1.3097},"mqtt":{"connected":true,"queued":0,"published":43,"received":19},"devices":{}}'
[2026-02-11 23:57:10] info: 	z2m:mqtt: MQTT publish: topic 'zigbee2mqttHA/bridge/health', payload '{"response_time":1770850630294,"os":{"load_average":[0.24,0.09,0.02],"memory_used_mb":1746.09,"memory_percent":21.9902},"process":{"uptime_sec":10205,"memory_used_mb":104.03,"memory_percent":1.3101},"mqtt":{"connected":true,"queued":0,"published":45,"received":19},"devices":{}}'
[2026-02-12 00:07:10] info: 	z2m:mqtt: MQTT publish: topic 'zigbee2mqttHA/bridge/health', payload '{"response_time":1770851230299,"os":{"load_average":[0.01,0.06,0.03],"memory_used_mb":1742.64,"memory_percent":21.9468},"process":{"uptime_sec":10805,"memory_used_mb":104.03,"memory_percent":1.3101},"mqtt":{"connected":true,"queued":0,"published":47,"received":19},"devices":{}}'
[2026-02-12 00:17:10] info: 	z2m:mqtt: MQTT publish: topic 'zigbee2mqttHA/bridge/health', payload '{"response_time":1770851830304,"os":{"load_average":[0.06,0.01,0],"memory_used_mb":1748.42,"memory_percent":22.0196},"process":{"uptime_sec":11405,"memory_used_mb":104.03,"memory_percent":1.3101},"mqtt":{"connected":true,"queued":0,"published":49,"received":19},"devices":{}}'
[2026-02-12 00:22:36] info: 	z2m:mqtt: MQTT publish: topic 'zigbee2mqttHA/Detecteur Presence', payload '{"battery":99.5,"battery_low":false,"linkquality":164,"occupancy":true,"tamper":false,"voltage":2900}'
[2026-02-12 00:27:10] info: 	z2m:mqtt: MQTT publish: topic 'zigbee2mqttHA/bridge/health', payload '{"response_time":1770852430308,"os":{"load_average":[0,0,0],"memory_used_mb":1747.68,"memory_percent":22.0102},"process":{"uptime_sec":12005,"memory_used_mb":104.03,"memory_percent":1.3101},"mqtt":{"connected":true,"queued":0,"published":53,"received":20},"devices":{}}'
[2026-02-12 00:37:10] info: 	z2m:mqtt: MQTT publish: topic 'zigbee2mqttHA/bridge/health', payload '{"response_time":1770853030314,"os":{"load_average":[0.03,0.01,0],"memory_used_mb":1756.16,"memory_percent":22.117},"process":{"uptime_sec":12605,"memory_used_mb":104.03,"memory_percent":1.3101},"mqtt":{"connected":true,"queued":0,"published":55,"received":20},"devices":{}}'
[2026-02-12 00:43:57] info: 	z2m:mqtt: MQTT publish: topic 'zigbee2mqttHA/Detecteur Presence', payload '{"battery":99.5,"battery_low":false,"linkquality":164,"occupancy":true,"tamper":false,"voltage":2900}'
[2026-02-12 00:47:10] info: 	z2m:mqtt: MQTT publish: topic 'zigbee2mqttHA/bridge/health', payload '{"response_time":1770853630319,"os":{"load_average":[0.01,0.02,0],"memory_used_mb":1746.05,"memory_percent":21.9897},"process":{"uptime_sec":13205,"memory_used_mb":104.03,"memory_percent":1.3101},"mqtt":{"connected":true,"queued":0,"published":59,"received":22},"devices":{}}'
[2026-02-12 00:57:10] info: 	z2m:mqtt: MQTT publish: topic 'zigbee2mqttHA/bridge/health', payload '{"response_time":1770854230320,"os":{"load_average":[0,0,0],"memory_used_mb":1746.84,"memory_percent":21.9997},"process":{"uptime_sec":13805,"memory_used_mb":104.2,"memory_percent":1.3123},"mqtt":{"connected":true,"queued":0,"published":61,"received":22},"devices":{}}'
[2026-02-12 01:07:10] info: 	z2m:mqtt: MQTT publish: topic 'zigbee2mqttHA/bridge/health', payload '{"response_time":1770854830325,"os":{"load_average":[0.03,0.02,0],"memory_used_mb":1743.7,"memory_percent":21.9601},"process":{"uptime_sec":14405,"memory_used_mb":104.2,"memory_percent":1.3123},"mqtt":{"connected":true,"queued":0,"published":63,"received":23},"devices":{}}'
[2026-02-12 01:08:36] info: 	z2m:mqtt: MQTT publish: topic 'zigbee2mqttHA/Detecteur Presence', payload '{"battery":99.5,"battery_low":false,"linkquality":164,"occupancy":true,"tamper":false,"voltage":2900}'
[2026-02-12 01:17:10] info: 	z2m:mqtt: MQTT publish: topic 'zigbee2mqttHA/bridge/health', payload '{"response_time":1770855430331,"os":{"load_average":[0.07,0.02,0],"memory_used_mb":1747.33,"memory_percent":22.0059},"process":{"uptime_sec":15005,"memory_used_mb":104.27,"memory_percent":1.3132},"mqtt":{"connected":true,"queued":0,"published":67,"received":25},"devices":{}}'
